1 200 125
201 400 144
401 600 142
601 800 171
801 1000 179
1001 1200 182
1201 1400 177
1401 1600 172
1601 1800 180
1801 2000 175
2001 2200 170
2201 2400 183
2401 2600 209
2601 2800 191
2801 3000 217
3001 3200 199
3201 3400 181
3401 3600 194
3601 3800 238
3801 4000 189
4001 4200 189
4201 4400 215
4401 4600 184
4601 4800 197
4801 5000 210
5001 5200 179
5201 5400 192
5401 5600 236
5601 5800 205
5801 6000 218
6001 6200 262
6201 6400 200
6401 6600 244
6601 6800 182
6801 7000 257
7001 7200 195
7201 7400 208
7401 7600 239
7601 7800 221
7801 8000 252
8001 8200 190
8201 8400 234
8401 8600 203
8601 8800 216
8801 9000 247
9001 9200 198
9201 9400 260
9401 9600 198
9601 9800 198
9801 10000 242
10001 10200 224
10201 10400 242
10401 10600 255
10601 10800 255
10801 11000 268
11001 11200 237
11201 11400 206
11401 11600 237
11601 11800 219
11801 12000 250
12001 12200 250
12201 12400 263
12401 12600 263
12601 12800 201
12801 13000 201
13001 13200 245
13201 13400 276
13401 13600 245
13601 13800 214
13801 14000 258
14001 14200 196
14201 14400 196
14401 14600 209
14601 14800 271
14801 15000 240
15001 15200 271
15201 15400 240
15401 15600 222
15601 15800 253
15801 16000 253
16001 16200 235
16201 16400 204
16401 16600 266
16601 16800 266
16801 17000 204
17001 17200 235
17201 17400 235
17401 17600 248
17601 17800 279
17801 18000 248
18001 18200 186
18201 18400 248
18401 18600 261
18601 18800 230
18801 19000 261
19001 19200 199
19201 19400 212
19401 19600 274
19601 19800 243
19801 20000 274
20001 20200 243
20201 20400 243
20401 20600 243
20601 20800 225
20801 21000 256
21001 21200 225
21201 21400 256
21401 21600 238
21601 21800 207
21801 22000 269
22001 22200 269
22201 22400 269
22401 22600 269
22601 22800 238
22801 23000 207
23001 23200 238
23201 23400 220
23401 23600 282
23601 23800 251
23801 24000 251
24001 24200 251
24201 24400 251
24401 24600 202
24601 24800 264
24801 25000 233
25001 25200 264
25201 25400 246
25401 25600 215
25601 25800 233
25801 26000 233
26001 26200 202
26201 26400 246
26401 26600 277
26601 26800 308
26801 27000 246
27001 27200 259
27201 27400 246
27401 27600 215
27601 27800 259
27801 28000 259
28001 28200 228
28201 28400 259
28401 28600 228
28601 28800 197
28801 29000 228
29001 29200 241
29201 29400 272
29401 29600 210
29601 29800 241
29801 30000 272
30001 30200 272
30201 30400 241
30401 30600 241
30601 30800 254
30801 31000 210
31001 31200 223
31201 31400 254
31401 31600 285
31601 31800 285
31801 32000 254
32001 32200 254
32201 32400 254
32401 32600 267
32601 32800 192
32801 33000 267
33001 33200 267
33201 33400 236
33401 33600 267
33601 33800 236
33801 34000 267
34001 34200 236
34201 34400 311
34401 34600 249
34601 34800 280
34801 35000 205
35001 35200 249
35201 35400 280
35401 35600 311
35601 35800 324
35801 36000 249
36001 36200 249
36201 36400 249
36401 36600 249
36601 36800 218
36801 37000 231
37001 37200 262
37201 37400 262
37401 37600 306
37601 37800 262
37801 38000 231
38001 38200 244
38201 38400 213
38401 38600 231
38601 38800 213
38801 39000 244
39001 39200 275
39201 39400 200
39401 39600 244
39601 39800 275
39801 40000 306
40001 40200 275
40201 40400 244
40401 40600 213
40601 40800 257
40801 41000 288
41001 41200 244
41201 41400 213
41401 41600 226
41601 41800 257
41801 42000 257
42001 42200 226
42201 42400 288
42401 42600 257
42601 42800 257
42801 43000 239
43001 43200 257
43201 43400 226
43401 43600 226
43601 43800 239
43801 44000 270
44001 44200 270
44201 44400 239
44401 44600 239
44601 44800 270
44801 45000 239
45001 45200 314
45201 45400 239
45401 45600 239
45601 45800 239
45801 46000 239
46001 46200 252
46201 46400 208
46401 46600 283
46601 46800 252
46801 47000 252
47001 47200 283
47201 47400 314
47401 47600 283
47601 47800 252
47801 48000 252
48001 48200 252
48201 48400 221
48401 48600 252
48601 48800 265
48801 49000 296
49001 49200 221
49201 49400 265
49401 49600 296
49601 49800 234
49801 50000 265
50001 50200 234
50201 50400 265
50401 50600 234
50601 50800 265
50801 51000 278
51001 51200 265
51201 51400 309
51401 51600 234
51601 51800 234
51801 52000 247
52001 52200 278
52201 52400 278
52401 52600 340
52601 52800 247
52801 53000 278
53001 53200 278
53201 53400 309
53401 53600 322
53601 53800 247
53801 54000 247
54001 54200 247
54201 54400 260
54401 54600 260
54601 54800 247
54801 55000 216
55001 55200 216
55201 55400 260
55401 55600 260
55601 55800 260
55801 56000 198
56001 56200 322
56201 56400 304
56401 56600 291
56601 56800 260
56801 57000 291
57001 57200 304
57201 57400 229
57401 57600 260
57601 57800 273
57801 58000 229
58001 58200 211
58201 58400 242
58401 58600 273
58601 58800 273
58801 59000 198
59001 59200 273
59201 59400 242
59401 59600 273
59601 59800 273
59801 60000 304
60001 60200 317
60201 60400 286
60401 60600 273
60601 60800 273
60801 61000 335
61001 61200 255
61201 61400 242
61401 61600 286
61601 61800 286
61801 62000 317
62001 62200 255
62201 62400 255
62401 62600 255
62601 62800 286
62801 63000 286
63001 63200 317
63201 63400 330
63401 63600 255
63601 63800 255
63801 64000 255
64001 64200 255
64201 64400 299
64401 64600 224
64601 64800 255
64801 65000 268
65001 65200 224
65201 65400 224
65401 65600 268
65601 65800 237
65801 66000 268
66001 66200 268
66201 66400 206
66401 66600 268
66601 66800 237
66801 67000 237
67001 67200 268
67201 67400 237
67401 67600 281
67601 67800 312
67801 68000 237
68001 68200 312
68201 68400 237
68401 68600 312
68601 68800 237
68801 69000 206
69001 69200 250
69201 69400 250
69401 69600 299
69601 69800 281
69801 70000 250
70001 70200 281
70201 70400 312
70401 70600 281
70601 70800 281
70801 71000 312
71001 71200 219
71201 71400 325
71401 71600 250
71601 71800 250
71801 72000 250
72001 72200 250
72201 72400 263
72401 72600 219
72601 72800 263
72801 73000 263
73001 73200 294
73201 73400 294
73401 73600 232
73601 73800 294
73801 74000 232
74001 74200 263
74201 74400 294
74401 74600 294
74601 74800 325
74801 75000 232
75001 75200 307
75201 75400 232
75401 75600 263
75601 75800 232
75801 76000 294
76001 76200 307
76201 76400 276
76401 76600 201
76601 76800 307
76801 77000 232
77001 77200 351
77201 77400 232
77401 77600 214
77601 77800 245
77801 78000 245
78001 78200 276
78201 78400 276
78401 78600 307
78601 78800 338
78801 79000 245
79001 79200 307
79201 79400 276
79401 79600 276
79601 79800 214
79801 80000 307
80001 80200 289
80201 80400 320
80401 80600 245
80601 80800 276
80801 81000 276
81001 81200 320
81201 81400 245
81401 81600 258
81601 81800 258
81801 82000 289
82001 82200 245
82201 82400 289
82401 82600 307
82601 82800 320
82801 83000 289
83001 83200 227
83201 83400 258
83401 83600 289
83601 83800 289
83801 84000 227
84001 84200 320
84201 84400 302
84401 84600 289
84601 84800 289
84801 85000 258
85001 85200 240
85201 85400 289
85401 85600 258
85601 85800 302
85801 86000 227
86001 86200 302
86201 86400 258
86401 86600 271
86601 86800 209
86801 87000 227
87001 87200 333
87201 87400 227
87401 87600 240
87601 87800 271
87801 88000 271
88001 88200 333
88201 88400 196
88401 88600 271
88601 88800 271
88801 89000 240
89001 89200 315
89201 89400 302
89401 89600 271
89601 89800 240
89801 90000 302
90001 90200 284
90201 90400 315
90401 90600 240
90601 90800 271
90801 91000 271
91001 91200 240
91201 91400 315
91401 91600 333
91601 91800 240
91801 92000 209
92001 92200 284
92201 92400 253
92401 92600 284
92601 92800 302
92801 93000 315
93001 93200 222
93201 93400 284
93401 93600 253
93601 93800 253
93801 94000 253
94001 94200 284
94201 94400 284
94401 94600 222
94601 94800 315
94801 95000 302
95001 95200 328
95201 95400 284
95401 95600 253
95601 95800 284
95801 96000 253
96001 96200 253
96201 96400 297
96401 96600 266
96601 96800 222
96801 97000 253
97001 97200 253
97201 97400 266
97401 97600 297
97601 97800 222
97801 98000 297
98001 98200 222
98201 98400 266
98401 98600 235
98601 98800 266
98801 99000 284
99001 99200 328
99201 99400 266
99401 99600 235
99601 99800 328
99801 100000 235
100001 100200 341
100201 100400 235
100401 100600 266
100601 100800 266
100801 101000 235
101001 101200 297
101201 101400 279
101401 101600 310
101601 101800 279
101801 102000 235
102001 102200 266
102201 102400 310
102401 102600 266
102601 102800 310
102801 103000 235
103001 103200 235
103201 103400 204
103401 103600 235
103601 103800 248
103801 104000 248
104001 104200 279
104201 104400 297
104401 104600 279
104601 104800 310
104801 105000 248
105001 105200 341
105201 105400 217
105401 105600 310
105601 105800 248
105801 106000 279
106001 106200 279
106201 106400 354
106401 106600 310
106601 106800 248
106801 107000 323
107001 107200 292
107201 107400 279
107401 107600 248
107601 107800 279
107801 108000 248
108001 108200 279
108201 108400 217
108401 108600 261
108601 108800 248
108801 109000 217
109001 109200 261
109201 109400 292
109401 109600 292
109601 109800 292
109801 110000 310
110001 110200 292
110201 110400 230
110401 110600 261
110601 110800 292
110801 111000 230
111001 111200 261
111201 111400 292
111401 111600 323
111601 111800 292
111801 112000 217
112001 112200 323
112201 112400 230
112401 112600 305
112601 112800 292
112801 113000 292
113001 113200 230
113201 113400 261
113401 113600 292
113601 113800 292
113801 114000 261
114001 114200 199
114201 114400 305
114401 114600 261
114601 114800 199
114801 115000 261
115001 115200 305
115201 115400 274
115401 115600 349
115601 115800 323
115801 116000 305
116001 116200 199
116201 116400 212
116401 116600 305
116601 116800 243
116801 117000 243
117001 117200 274
117201 117400 199
117401 117600 305
117601 117800 305
117801 118000 230
118001 118200 336
118201 118400 274
118401 118600 243
118601 118800 305
118801 119000 318
119001 119200 305
119201 119400 274
119401 119600 305
119601 119800 243
119801 120000 305
120001 120200 287
120201 120400 318
120401 120600 287
120601 120800 243
120801 121000 243
121001 121200 274
121201 121400 274
121401 121600 274
121601 121800 318
121801 122000 336
122001 122200 256
122201 122400 212
122401 122600 243
122601 122800 256
122801 123000 318
123001 123200 256
123201 123400 331
123401 123600 287
123601 123800 305
123801 124000 318
124001 124200 225
124201 124400 287
124401 124600 287
124601 124800 225
124801 125000 256
125001 125200 256
125201 125400 318
125401 125600 287
125601 125800 287
125801 126000 212
126001 126200 256
126201 126400 318
126401 126600 300
126601 126800 331
126801 127000 300
127001 127200 287
127201 127400 256
127401 127600 256
127601 127800 238
127801 128000 287
128001 128200 256
128201 128400 331
128401 128600 300
128601 128800 331
128801 129000 225
129001 129200 287
129201 129400 300
129401 129600 300
129601 129800 269
129801 130000 344
130001 130200 300
130201 130400 225
130401 130600 300
130601 130800 331
130801 131000 225
131001 131200 300
131201 131400 238
131401 131600 238
131601 131800 269
131801 132000 287
132001 132200 331
132201 132400 300
132401 132600 194
132601 132800 269
132801 133000 331
133001 133200 269
133201 133400 313
133401 133600 300
133601 133800 313
133801 134000 300
134001 134200 269
134201 134400 269
134401 134600 238
134601 134800 300
134801 135000 269
135001 135200 344
135201 135400 313
135401 135600 282
135601 135800 269
135801 136000 238
136001 136200 269
136201 136400 313
136401 136600 207
136601 136800 269
136801 137000 313
137001 137200 331
137201 137400 251
137401 137600 313
137601 137800 207
137801 138000 251
138001 138200 282
138201 138400 313
138401 138600 251
138601 138800 282
138801 139000 282
139001 139200 300
139201 139400 282
139401 139600 313
139601 139800 238
139801 140000 251
140001 140200 344
140201 140400 220
140401 140600 326
140601 140800 313
140801 141000 251
141001 141200 282
141201 141400 282
141401 141600 282
141601 141800 326
141801 142000 313
142001 142200 282
142201 142400 295
142401 142600 375
142601 142800 326
142801 143000 282
143001 143200 282
143201 143400 251
143401 143600 282
143601 143800 282
143801 144000 251
144001 144200 251
144201 144400 326
144401 144600 295
144601 144800 264
144801 145000 251
145001 145200 220
145201 145400 264
145401 145600 251
145601 145800 295
145801 146000 264
146001 146200 295
146201 146400 295
146401 146600 357
146601 146800 295
146801 147000 220
147001 147200 233
147201 147400 251
147401 147600 295
147601 147800 233
147801 148000 233
148001 148200 264
148201 148400 264
148401 148600 295
148601 148800 326
148801 149000 295
149001 149200 220
149201 149400 233
149401 149600 326
149601 149800 264
149801 150000 225
150001 150200 370
150201 150400 339
150401 150600 233
150601 150800 295
150801 151000 264
151001 151200 264
151201 151400 233
151401 151600 233
151601 151800 295
151801 152000 264
152001 152200 277
152201 152400 308
152401 152600 277
152601 152800 264
152801 153000 233
153001 153200 233
153201 153400 264
153401 153600 308
153601 153800 277
153801 154000 308
154001 154200 352
154201 154400 326
154401 154600 233
154601 154800 308
154801 155000 264
155001 155200 202
155201 155400 233
155401 155600 308
155601 155800 246
155801 156000 246
156001 156200 383
156201 156400 277
156401 156600 295
156601 156800 308
156801 157000 308
157001 157200 202
157201 157400 277
157401 157600 339
157601 157800 308
157801 158000 246
158001 158200 246
158201 158400 308
158401 158600 321
158601 158800 308
158801 159000 277
159001 159200 277
159201 159400 352
159401 159600 246
159601 159800 308
159801 160000 277
160001 160200 290
160201 160400 215
160401 160600 370
160601 160800 290
160801 161000 277
161001 161200 246
161201 161400 277
161401 161600 277
161601 161800 277
161801 162000 290
162001 162200 277
162201 162400 321
162401 162600 228
162601 162800 339
162801 163000 259
163001 163200 246
163201 163400 246
163401 163600 259
163601 163800 321
163801 164000 290
164001 164200 259
164201 164400 290
164401 164600 334
164601 164800 259
164801 165000 308
165001 165200 290
165201 165400 321
165401 165600 228
165601 165800 290
165801 166000 290
166001 166200 352
166201 166400 228
166401 166600 334
166601 166800 303
166801 167000 259
167001 167200 321
167201 167400 290
167401 167600 290
167601 167800 228
167801 168000 215
168001 168200 259
168201 168400 321
168401 168600 228
168601 168800 303
168801 169000 290
169001 169200 334
169201 169400 259
169401 169600 290
169601 169800 228
169801 170000 259
170001 170200 290
170201 170400 290
170401 170600 290
170601 170800 259
170801 171000 259
171001 171200 334
171201 171400 303
171401 171600 272
171601 171800 334
171801 172000 259
172001 172200 210
172201 172400 303
172401 172600 272
172601 172800 303
172801 173000 272
173001 173200 303
173201 173400 347
173401 173600 210
173601 173800 321
173801 174000 303
174001 174200 334
174201 174400 228
174401 174600 228
174601 174800 272
174801 175000 303
175001 175200 241
175201 175400 241
175401 175600 272
175601 175800 272
175801 176000 272
176001 176200 334
176201 176400 303
176401 176600 303
176601 176800 197
176801 177000 228
177001 177200 272
177201 177400 334
177401 177600 228
177601 177800 316
177801 178000 241
178001 178200 347
178201 178400 316
178401 178600 303
178601 178800 272
178801 179000 272
179001 179200 254
179201 179400 303
179401 179600 241
179601 179800 303
179801 180000 272
180001 180200 210
180201 180400 285
180401 180600 365
180601 180800 285
180801 181000 272
181001 181200 241
181201 181400 210
181401 181600 272
181601 181800 272
181801 182000 316
182001 182200 272
182201 182400 272
182401 182600 316
182601 182800 316
182801 183000 334
183001 183200 254
183201 183400 241
183401 183600 210
183601 183800 241
183801 184000 254
184001 184200 316
184201 184400 316
184401 184600 179
184601 184800 254
184801 185000 285
185001 185200 329
185201 185400 210
185401 185600 303
185601 185800 285
185801 186000 316
186001 186200 316
186201 186400 223
186401 186600 285
186601 186800 347
186801 187000 285
187001 187200 223
187201 187400 329
187401 187600 316
187601 187800 254
187801 188000 285
188001 188200 316
188201 188400 285
188401 188600 316
188601 188800 254
188801 189000 223
189001 189200 254
189201 189400 316
189401 189600 254
189601 189800 241
189801 190000 360
190001 190200 329
190201 190400 298
190401 190600 285
190601 190800 285
190801 191000 254
191001 191200 254
191201 191400 241
191401 191600 329
191601 191800 298
191801 192000 285
192001 192200 254
192201 192400 329
192401 192600 272
192601 192800 347
192801 193000 267
193001 193200 329
193201 193400 254
193401 193600 223
193601 193800 285
193801 194000 298
194001 194200 329
194201 194400 267
194401 194600 267
194601 194800 223
194801 195000 342
195001 195200 298
195201 195400 223
195401 195600 360
195601 195800 298
195801 196000 329
196001 196200 223
196201 196400 236
196401 196600 267
196601 196800 298
196801 197000 236
197001 197200 236
197201 197400 236
197401 197600 267
197601 197800 267
197801 198000 285
198001 198200 329
198201 198400 298
198401 198600 329
198601 198800 298
198801 199000 236
199001 199200 267
199201 199400 267
199401 199600 329
199601 199800 236
199801 200000 228
200001 200200 311
200201 200400 342
200401 200600 311
200601 200800 267
200801 201000 298
201001 201200 267
201201 201400 267
201401 201600 254
201601 201800 236
201801 202000 311
202001 202200 298
202201 202400 267
202401 202600 342
202601 202800 342
202801 203000 236
203001 203200 311
203201 203400 280
203401 203600 267
203601 203800 267
203801 204000 205
204001 204200 280
204201 204400 311
204401 204600 311
204601 204800 205
204801 205000 280
205001 205200 267
205201 205400 311
205401 205600 355
205601 205800 329
205801 206000 280
206001 206200 311
206201 206400 236
206401 206600 342
206601 206800 236
206801 207000 373
207001 207200 311
207201 207400 311
207401 207600 311
207601 207800 249
207801 208000 280
208001 208200 280
208201 208400 280
208401 208600 280
208601 208800 311
208801 209000 280
209001 209200 280
209201 209400 311
209401 209600 218
209601 209800 236
209801 210000 280
210001 210200 342
210201 210400 249
210401 210600 249
210601 210800 324
210801 211000 249
211001 211200 355
211201 211400 280
211401 211600 311
211601 211800 280
211801 212000 311
212001 212200 280
212201 212400 262
212401 212600 355
212601 212800 324
212801 213000 311
213001 213200 280
213201 213400 249
213401 213600 293
213601 213800 298
213801 214000 373
214001 214200 293
214201 214400 249
214401 214600 280
214601 214800 249
214801 215000 249
215001 215200 280
215201 215400 280
215401 215600 280
215601 215800 218
215801 216000 280
216001 216200 280
216201 216400 386
216401 216600 324
216601 216800 231
216801 217000 342
217001 217200 262
217201 217400 324
217401 217600 249
217601 217800 187
217801 218000 249
218001 218200 262
218201 218400 324
218401 218600 293
218601 218800 262
218801 219000 262
219001 219200 293
219201 219400 337
219401 219600 293
219601 219800 311
219801 220000 355
220001 220200 293
220201 220400 280
220401 220600 324
220601 220800 231
220801 221000 249
221001 221200 293
221201 221400 355
221401 221600 262
221601 221800 231
221801 222000 337
222001 222200 262
222201 222400 262
222401 222600 262
222601 222800 293
222801 223000 324
223001 223200 293
223201 223400 324
223401 223600 293
223601 223800 218
223801 224000 262
224001 224200 231
224201 224400 324
224401 224600 262
224601 224800 231
224801 225000 223
225001 225200 368
225201 225400 337
225401 225600 293
225601 225800 231
225801 226000 293
226001 226200 262
226201 226400 262
226401 226600 368
226601 226800 249
226801 227000 231
227001 227200 306
227201 227400 231
227401 227600 293
227601 227800 262
227801 228000 218
228001 228200 337
228201 228400 355
228401 228600 306
228601 228800 275
228801 229000 262
229001 229200 262
229201 229400 231
229401 229600 262
229601 229800 306
229801 230000 306
230001 230200 306
230201 230400 275
230401 230600 275
230601 230800 443
230801 231000 306
231001 231200 350
231201 231400 213
231401 231600 324
231601 231800 231
231801 232000 306
232001 232200 231
232201 232400 337
232401 232600 262
232601 232800 293
232801 233000 275
233001 233200 368
233201 233400 306
233401 233600 275
233601 233800 244
233801 234000 275
234001 234200 275
234201 234400 381
234401 234600 275
234601 234800 293
234801 235000 337
235001 235200 306
235201 235400 306
235401 235600 306
235601 235800 231
235801 236000 231
236001 236200 275
236201 236400 337
236401 236600 306
236601 236800 306
236801 237000 275
237001 237200 319
237201 237400 306
237401 237600 350
237601 237800 319
237801 238000 275
238001 238200 306
238201 238400 275
238401 238600 275
238601 238800 275
238801 239000 257
239001 239200 350
239201 239400 244
239401 239600 244
239601 239800 306
239801 240000 275
240001 240200 200
240201 240400 293
240401 240600 244
240601 240800 368
240801 241000 288
241001 241200 244
241201 241400 275
241401 241600 244
241601 241800 275
241801 242000 244
242001 242200 275
242201 242400 275
242401 242600 319
242601 242800 213
242801 243000 288
243001 243200 275
243201 243400 319
243401 243600 319
243601 243800 226
243801 244000 337
244001 244200 244
244201 244400 257
244401 244600 244
244601 244800 213
244801 245000 275
245001 245200 244
245201 245400 257
245401 245600 244
245601 245800 319
245801 246000 257
246001 246200 257
246201 246400 257
246401 246600 288
246601 246800 332
246801 247000 288
247001 247200 257
247201 247400 350
247401 247600 319
247601 247800 288
247801 248000 319
248001 248200 257
248201 248400 226
248401 248600 244
248601 248800 288
248801 249000 288
249001 249200 350
249201 249400 257
249401 249600 244
249601 249800 332
249801 250000 257
250001 250200 319
250201 250400 332
250401 250600 288
250601 250800 319
250801 251000 288
251001 251200 257
251201 251400 319
251401 251600 288
251601 251800 226
251801 252000 213
252001 252200 257
252201 252400 257
252401 252600 319
252601 252800 288
252801 253000 244
253001 253200 301
253201 253400 306
253401 253600 332
253601 253800 301
253801 254000 288
254001 254200 288
254201 254400 288
254401 254600 257
254601 254800 226
254801 255000 363
255001 255200 288
255201 255400 288
255401 255600 288
255601 255800 226
255801 256000 288
256001 256200 257
256201 256400 257
256401 256600 332
256601 256800 275
256801 257000 257
257001 257200 345
257201 257400 270
257401 257600 332
257601 257800 257
257801 258000 257
258001 258200 195
258201 258400 288
258401 258600 301
258601 258800 195
258801 259000 301
259001 259200 195
259201 259400 270
259401 259600 270
259601 259800 301
259801 260000 345
260001 260200 301
260201 260400 208
260401 260600 319
260601 260800 239
260801 261000 332
261001 261200 301
261201 261400 332
261401 261600 301
261601 261800 239
261801 262000 288
262001 262200 270
262201 262400 301
262401 262600 270
262601 262800 239
262801 263000 239
263001 263200 407
263201 263400 270
263401 263600 270
263601 263800 270
263801 264000 288
264001 264200 332
264201 264400 270
264401 264600 301
264601 264800 332
264801 265000 301
265001 265200 226
265201 265400 239
265401 265600 270
265601 265800 270
265801 266000 332
266001 266200 270
266201 266400 301
266401 266600 239
266601 266800 314
266801 267000 239
267001 267200 345
267201 267400 314
267401 267600 270
267601 267800 301
267801 268000 270
268001 268200 270
268201 268400 239
268401 268600 270
268601 268800 257
268801 269000 239
269001 269200 345
269201 269400 239
269401 269600 314
269601 269800 270
269801 270000 345
270001 270200 226
270201 270400 440
270401 270600 239
270601 270800 363
270801 271000 345
271001 271200 283
271201 271400 270
271401 271600 270
271601 271800 239
271801 272000 270
272001 272200 239
272201 272400 270
272401 272600 208
272601 272800 314
272801 273000 208
273001 273200 283
273201 273400 283
273401 273600 270
273601 273800 314
273801 274000 358
274001 274200 314
274201 274400 332
274401 274600 239
274601 274800 252
274801 275000 314
275001 275200 314
275201 275400 345
275401 275600 221
275601 275800 252
275801 276000 252
276001 276200 283
276201 276400 314
276401 276600 283
276601 276800 314
276801 277000 252
277001 277200 252
277201 277400 283
277401 277600 283
277601 277800 389
277801 278000 283
278001 278200 301
278201 278400 345
278401 278600 239
278601 278800 283
278801 279000 314
279001 279200 314
279201 279400 239
279401 279600 239
279601 279800 283
279801 280000 283
280001 280200 345
280201 280400 314
280401 280600 283
280601 280800 221
280801 281000 327
281001 281200 252
281201 281400 314
281401 281600 358
281601 281800 327
281801 282000 283
282001 282200 314
282201 282400 283
282401 282600 252
282601 282800 314
282801 283000 283
283001 283200 265
283201 283400 358
283401 283600 327
283601 283800 252
283801 284000 314
284001 284200 283
284201 284400 283
284401 284600 283
284601 284800 358
284801 285000 301
285001 285200 376
285201 285400 327
285401 285600 296
285601 285800 283
285801 286000 283
286001 286200 283
286201 286400 252
286401 286600 221
286601 286800 314
286801 287000 283
287001 287200 283
287201 287400 327
287401 287600 296
287601 287800 221
287801 288000 283
288001 288200 283
288201 288400 327
288401 288600 389
288601 288800 422
288801 289000 252
289001 289200 345
289201 289400 252
289401 289600 265
289601 289800 327
289801 290000 252
290001 290200 221
290201 290400 190
290401 290600 252
290601 290800 327
290801 291000 296
291001 291200 327
291201 291400 296
291401 291600 296
291601 291800 265
291801 292000 265
292001 292200 221
292201 292400 296
292401 292600 340
292601 292800 296
292801 293000 203
293001 293200 358
293201 293400 221
293401 293600 296
293601 293800 296
293801 294000 327
294001 294200 252
294201 294400 234
294401 294600 296
294601 294800 265
294801 295000 296
295001 295200 358
295201 295400 234
295401 295600 265
295601 295800 234
295801 296000 265
296001 296200 265
296201 296400 327
296401 296600 309
296601 296800 265
296801 297000 296
297001 297200 296
297201 297400 327
297401 297600 296
297601 297800 327
297801 298000 296
298001 298200 265
298201 298400 221
298401 298600 234
298601 298800 265
298801 299000 371
299001 299200 327
299201 299400 296
299401 299600 234
299601 299800 221
299801 300000 234
300001 300200 371
300201 300400 234
300401 300600 340
300601 300800 309
300801 301000 265
301001 301200 265
301201 301400 296
301401 301600 265
301601 301800 265
301801 302000 296
302001 302200 265
302201 302400 252
302401 302600 247
302601 302800 340
302801 303000 234
303001 303200 327
303201 303400 296
303401 303600 265
303601 303800 340
303801 304000 221
304001 304200 340
304201 304400 247
304401 304600 309
304601 304800 309
304801 305000 278
305001 305200 265
305201 305400 265
305401 305600 265
305601 305800 265
305801 306000 203
306001 306200 278
306201 306400 265
306401 306600 309
306601 306800 309
306801 307000 309
307001 307200 203
307201 307400 278
307401 307600 278
307601 307800 265
307801 308000 309
308001 308200 371
308201 308400 309
308401 308600 216
308601 308800 327
308801 309000 234
309001 309200 247
309201 309400 309
309401 309600 234
309601 309800 340
309801 310000 265
310001 310200 234
310201 310400 371
310401 310600 278
310601 310800 309
310801 311000 371
311001 311200 278
311201 311400 309
311401 311600 265
311601 311800 247
311801 312000 278
312001 312200 278
312201 312400 384
312401 312600 278
312601 312800 353
312801 313000 309
313001 313200 340
313201 313400 309
313401 313600 278
313601 313800 278
313801 314000 309
314001 314200 278
314201 314400 234
314401 314600 234
314601 314800 278
314801 315000 278
315001 315200 340
315201 315400 309
315401 315600 278
315601 315800 247
315801 316000 239
316001 316200 322
316201 316400 247
316401 316600 353
316601 316800 309
316801 317000 322
317001 317200 278
317201 317400 309
317401 317600 247
317601 317800 278
317801 318000 309
318001 318200 278
318201 318400 278
318401 318600 309
318601 318800 353
318801 319000 322
319001 319200 247
319201 319400 247
319401 319600 322
319601 319800 278
319801 320000 278
320001 320200 265
320201 320400 353
320401 320600 296
320601 320800 247
320801 321000 371
321001 321200 353
321201 321400 291
321401 321600 247
321601 321800 278
321801 322000 260
322001 322200 247
322201 322400 247
322401 322600 309
322601 322800 278
322801 323000 234
323001 323200 322
323201 323400 322
323401 323600 291
323601 323800 291
323801 324000 278
324001 324200 278
324201 324400 322
324401 324600 384
324601 324800 322
324801 325000 229
325001 325200 291
325201 325400 340
325401 325600 247
325601 325800 260
325801 326000 322
326001 326200 247
326201 326400 247
326401 326600 229
326601 326800 247
326801 327000 216
327001 327200 291
327201 327400 322
327401 327600 322
327601 327800 291
327801 328000 322
328001 328200 260
328201 328400 260
328401 328600 260
328601 328800 291
328801 329000 291
329001 329200 353
329201 329400 291
329401 329600 260
329601 329800 309
329801 330000 353
330001 330200 291
330201 330400 291
330401 330600 291
330601 330800 322
330801 331000 247
331001 331200 229
331201 331400 247
331401 331600 291
331601 331800 260
331801 332000 291
332001 332200 353
332201 332400 322
332401 332600 260
332601 332800 247
332801 333000 335
333001 333200 291
333201 333400 260
333401 333600 322
333601 333800 322
333801 334000 335
334001 334200 291
334201 334400 322
334401 334600 291
334601 334800 291
334801 335000 260
335001 335200 322
335201 335400 291
335401 335600 260
335601 335800 216
335801 336000 322
336001 336200 366
336201 336400 260
336401 336600 322
336601 336800 291
336801 337000 291
337001 337200 229
337201 337400 247
337401 337600 366
337601 337800 309
337801 338000 291
338001 338200 335
338201 338400 304
338401 338600 260
338601 338800 291
338801 339000 291
339001 339200 260
339201 339400 260
339401 339600 291
339601 339800 260
339801 340000 366
340001 340200 291
340201 340400 242
340401 340600 304
340601 340800 291
340801 341000 229
341001 341200 304
341201 341400 260
341401 341600 260
341601 341800 335
341801 342000 216
342001 342200 335
342201 342400 278
342401 342600 353
342601 342800 304
342801 343000 260
343001 343200 273
343201 343400 335
343401 343600 260
343601 343800 304
343801 344000 229
344001 344200 229
344201 344400 260
344401 344600 291
344601 344800 304
344801 345000 260
345001 345200 273
345201 345400 304
345401 345600 198
345601 345800 273
345801 346000 441
346001 346200 260
346201 346400 304
346401 346600 304
346601 346800 348
346801 347000 304
347001 347200 211
347201 347400 322
347401 347600 229
347601 347800 242
347801 348000 304
348001 348200 304
348201 348400 335
348401 348600 229
348601 348800 260
348801 349000 242
349001 349200 291
349201 349400 273
349401 349600 242
349601 349800 366
349801 350000 304
350001 350200 273
350201 350400 304
350401 350600 242
350601 350800 242
350801 351000 273
351001 351200 273
351201 351400 379
351401 351600 273
351601 351800 348
351801 352000 304
352001 352200 291
352201 352400 335
352401 352600 304
352601 352800 273
352801 353000 335
353001 353200 304
353201 353400 273
353401 353600 229
353601 353800 229
353801 354000 229
354001 354200 273
354201 354400 348
354401 354600 335
354601 354800 304
354801 355000 304
355001 355200 379
355201 355400 242
355401 355600 379
355601 355800 322
355801 356000 242
356001 356200 348
356201 356400 304
356401 356600 317
356601 356800 304
356801 357000 273
357001 357200 304
357201 357400 273
357401 357600 242
357601 357800 242
357801 358000 273
358001 358200 379
358201 358400 304
358401 358600 348
358601 358800 348
358801 359000 242
359001 359200 229
359201 359400 317
359401 359600 317
359601 359800 273
359801 360000 348
360001 360200 229
360201 360400 443
360401 360600 291
360601 360800 255
360801 361000 366
361001 361200 348
361201 361400 286
361401 361600 273
361601 361800 273
361801 362000 273
362001 362200 242
362201 362400 361
362401 362600 242
362601 362800 273
362801 363000 242
363001 363200 273
363201 363400 229
363401 363600 273
363601 363800 317
363801 364000 286
364001 364200 211
364201 364400 286
364401 364600 286
364601 364800 242
364801 365000 317
365001 365200 361
365201 365400 317
365401 365600 317
365601 365800 224
365801 366000 335
366001 366200 242
366201 366400 255
366401 366600 317
366601 366800 317
366801 367000 348
367001 367200 242
367201 367400 286
367401 367600 242
367601 367800 255
367801 368000 255
368001 368200 286
368201 368400 317
368401 368600 317
368601 368800 286
368801 369000 317
369001 369200 348
369201 369400 255
369401 369600 361
369601 369800 286
369801 370000 286
370001 370200 392
370201 370400 286
370401 370600 286
370601 370800 255
370801 371000 304
371001 371200 348
371201 371400 317
371401 371600 317
371601 371800 286
371801 372000 317
372001 372200 317
372201 372400 286
372401 372600 224
372601 372800 242
372801 373000 286
373001 373200 255
373201 373400 286
373401 373600 348
373601 373800 286
373801 374000 286
374001 374200 317
374201 374400 255
374401 374600 255
374601 374800 330
374801 375000 286
375001 375200 317
375201 375400 361
375401 375600 330
375601 375800 286
375801 376000 286
376001 376200 317
376201 376400 255
376401 376600 286
376601 376800 423
376801 377000 317
377001 377200 286
377201 377400 255
377401 377600 242
377601 377800 361
377801 378000 317
378001 378200 330
378201 378400 255
378401 378600 255
378601 378800 317
378801 379000 286
379001 379200 286
379201 379400 361
379401 379600 242
379601 379800 361
379801 380000 304
380001 380200 242
380201 380400 379
380401 380600 286
380601 380800 299
380801 381000 286
381001 381200 255
381201 381400 286
381401 381600 255
381601 381800 374
381801 382000 224
382001 382200 237
382201 382400 361
382401 382600 286
382601 382800 317
382801 383000 286
383001 383200 330
383201 383400 299
383401 383600 224
383601 383800 299
383801 384000 286
384001 384200 286
384201 384400 255
384401 384600 330
384601 384800 330
384801 385000 330
385001 385200 273
385201 385400 237
385401 385600 348
385601 385800 255
385801 386000 268
386001 386200 255
386201 386400 330
386401 386600 255
386601 386800 224
386801 387000 255
387001 387200 224
387201 387400 268
387401 387600 286
387601 387800 299
387801 388000 255
388001 388200 330
388201 388400 299
388401 388600 299
388601 388800 193
388801 389000 268
389001 389200 436
389201 389400 255
389401 389600 224
389601 389800 299
389801 390000 361
390001 390200 299
390201 390400 237
390401 390600 206
390601 390800 317
390801 391000 361
391001 391200 237
391201 391400 330
391401 391600 299
391601 391800 224
391801 392000 330
392001 392200 299
392201 392400 255
392401 392600 237
392601 392800 286
392801 393000 260
393001 393200 268
393201 393400 299
393401 393600 361
393601 393800 299
393801 394000 361
394001 394200 255
394201 394400 237
394401 394600 255
394601 394800 405
394801 395000 299
395001 395200 268
395201 395400 312
395401 395600 268
395601 395800 268
395801 396000 299
396001 396200 299
396201 396400 330
396401 396600 299
396601 396800 299
396801 397000 268
397001 397200 330
397201 397400 299
397401 397600 268
397601 397800 224
397801 398000 268
398001 398200 224
398201 398400 343
398401 398600 374
398601 398800 268
398801 399000 330
399001 399200 299
399201 399400 299
399401 399600 299
399601 399800 255
399801 400000 237
400001 400200 374
400201 400400 237
400401 400600 299
400601 400800 343
400801 401000 299
401001 401200 387
401201 401400 268
401401 401600 268
401601 401800 299
401801 402000 268
402001 402200 268
402201 402400 268
402401 402600 237
402601 402800 268
402801 403000 250
403001 403200 255
403201 403400 237
403401 403600 299
403601 403800 343
403801 404000 237
404001 404200 330
404201 404400 312
404401 404600 299
404601 404800 299
404801 405000 343
405001 405200 224
405201 405400 343
405401 405600 438
405601 405800 250
405801 406000 237
406001 406200 361
406201 406400 343
406401 406600 281
406601 406800 268
406801 407000 343
407001 407200 268
407201 407400 268
407401 407600 237
407601 407800 268
407801 408000 268
408001 408200 281
408201 408400 299
408401 408600 312
408601 408800 237
408801 409000 312
409001 409200 312
409201 409400 268
409401 409600 206
409601 409800 281
409801 410000 281
410001 410200 449
410201 410400 268
410401 410600 312
410601 410800 374
410801 411000 356
411001 411200 312
411201 411400 219
411401 411600 330
411601 411800 281
411801 412000 237
412001 412200 250
412201 412400 312
412401 412600 312
412601 412800 312
412801 413000 343
413001 413200 206
413201 413400 268
413401 413600 237
413601 413800 374
413801 414000 312
414001 414200 281
414201 414400 312
414401 414600 374
414601 414800 281
414801 415000 281
415001 415200 312
415201 415400 268
415401 415600 250
415601 415800 250
415801 416000 281
416001 416200 281
416201 416400 343
416401 416600 387
416601 416800 343
416801 417000 281
417001 417200 299
417201 417400 312
417401 417600 343
417601 417800 281
417801 418000 312
418001 418200 281
418201 418400 281
418401 418600 343
418601 418800 281
418801 419000 237
419001 419200 219
419201 419400 237
419401 419600 281
419601 419800 281
419801 420000 281
420001 420200 281
420201 420400 343
420401 420600 312
420601 420800 312
420801 421000 281
421001 421200 219
421201 421400 268
421401 421600 325
421601 421800 281
421801 422000 281
422001 422200 356
422201 422400 312
422401 422600 325
422601 422800 281
422801 423000 281
423001 423200 312
423201 423400 250
423401 423600 281
423601 423800 418
423801 424000 312
424001 424200 281
424201 424400 281
424401 424600 281
424601 424800 312
424801 425000 356
425001 425200 312
425201 425400 325
425401 425600 356
425601 425800 250
425801 426000 312
426001 426200 281
426201 426400 281
426401 426600 250
426601 426800 356
426801 427000 237
427001 427200 356
427201 427400 299
427401 427600 250
427601 427800 374
427801 428000 325
428001 428200 281
428201 428400 294
428401 428600 281
428601 428800 250
428801 429000 281
429001 429200 281
429201 429400 250
429401 429600 250
429601 429800 281
429801 430000 232
430001 430200 312
430201 430400 281
430401 430600 281
430601 430800 281
430801 431000 281
431001 431200 325
431201 431400 294
431401 431600 312
431601 431800 294
431801 432000 343
432001 432200 281
432201 432400 250
432401 432600 325
432601 432800 387
432801 433000 420
433001 433200 268
433201 433400 250
433401 433600 250
433601 433800 343
433801 434000 250
434001 434200 263
434201 434400 338
434401 434600 325
434601 434800 312
434801 435000 356
435001 435200 250
435201 435400 232
435401 435600 219
435601 435800 250
435801 436000 281
436001 436200 325
436201 436400 294
436401 436600 325
436601 436800 325
436801 437000 294
437001 437200 294
437201 437400 387
437401 437600 263
437601 437800 263
437801 438000 263
438001 438200 294
438201 438400 294
438401 438600 294
438601 438800 400
438801 439000 294
439001 439200 294
439201 439400 325
439401 439600 312
439601 439800 356
439801 440000 219
440001 440200 232
440201 440400 294
440401 440600 294
440601 440800 294
440801 441000 325
441001 441200 263
441201 441400 250
441401 441600 263
441601 441800 250
441801 442000 294
442001 442200 294
442201 442400 263
442401 442600 294
442601 442800 356
442801 443000 263
443001 443200 325
443201 443400 294
443401 443600 232
443601 443800 250
443801 444000 338
444001 444200 281
444201 444400 263
444401 444600 325
444601 444800 307
444801 445000 325
445001 445200 338
445201 445400 294
445401 445600 294
445601 445800 276
445801 446000 325
446001 446200 294
446201 446400 294
446401 446600 263
446601 446800 325
446801 447000 294
447001 447200 263
447201 447400 263
447401 447600 219
447601 447800 232
447801 448000 325
448001 448200 263
448201 448400 369
448401 448600 263
448601 448800 338
448801 449000 294
449001 449200 263
449201 449400 263
449401 449600 369
449601 449800 250
449801 450000 232
450001 450200 369
450201 450400 263
450401 450600 250
450601 450800 387
450801 451000 276
451001 451200 307
451201 451400 263
451401 451600 294
451601 451800 263
451801 452000 294
452001 452200 263
452201 452400 263
452401 452600 276
452601 452800 294
452801 453000 263
453001 453200 369
453201 453400 245
453401 453600 294
453601 453800 294
453801 454000 294
454001 454200 338
454201 454400 338
454401 454600 232
454601 454800 325
454801 455000 307
455001 455200 263
455201 455400 263
455401 455600 338
455601 455800 338
455801 456000 219
456001 456200 338
456201 456400 281
456401 456600 232
456601 456800 356
456801 457000 351
457001 457200 263
457201 457400 276
457401 457600 263
457601 457800 338
457801 458000 263
458001 458200 263
458201 458400 307
458401 458600 232
458601 458800 263
458801 459000 263
459001 459200 276
459201 459400 294
459401 459600 307
459601 459800 307
459801 460000 263
460001 460200 307
460201 460400 307
460401 460600 276
460601 460800 201
460801 461000 276
461001 461200 276
461201 461400 444
461401 461600 232
461601 461800 307
461801 462000 307
462001 462200 369
462201 462400 307
462401 462600 245
462601 462800 307
462801 463000 276
463001 463200 325
463201 463400 232
463401 463600 245
463601 463800 276
463801 464000 307
464001 464200 307
464201 464400 232
464401 464600 338
464601 464800 201
464801 465000 263
465001 465200 245
465201 465400 263
465401 465600 369
465601 465800 307
465801 466000 276
466001 466200 307
466201 466400 369
466401 466600 276
466601 466800 307
466801 467000 369
467001 467200 307
467201 467400 294
467401 467600 245
467601 467800 413
467801 468000 276
468001 468200 276
468201 468400 276
468401 468600 382
468601 468800 276
468801 469000 351
469001 469200 294
469201 469400 294
469401 469600 307
469601 469800 338
469801 470000 307
470001 470200 307
470201 470400 276
470401 470600 276
470601 470800 307
470801 471000 307
471001 471200 276
471201 471400 232
471401 471600 232
471601 471800 232
471801 472000 276
472001 472200 276
472201 472400 263
472401 472600 276
472601 472800 338
472801 473000 307
473001 473200 307
473201 473400 307
473401 473600 307
473601 473800 294
473801 474000 276
474001 474200 382
474201 474400 245
474401 474600 245
474601 474800 307
474801 475000 351
475001 475200 307
475201 475400 320
475401 475600 276
475601 475800 263
475801 476000 276
476001 476200 307
476201 476400 276
476401 476600 276
476601 476800 245
476801 477000 307
477001 477200 276
477201 477400 276
477401 477600 382
477601 477800 307
477801 478000 245
478001 478200 351
478201 478400 351
478401 478600 320
478601 478800 245
478801 479000 338
479001 479200 320
479201 479400 320
479401 479600 276
479601 479800 276
479801 480000 351
480001 480200 263
480201 480400 351
480401 480600 446
480601 480800 294
480801 481000 245
481001 481200 232
481201 481400 369
481401 481600 351
481601 481800 289
481801 482000 382
482001 482200 276
482201 482400 351
482401 482600 276
482601 482800 276
482801 483000 258
483001 483200 258
483201 483400 245
483401 483600 289
483601 483800 227
483801 484000 307
484001 484200 276
484201 484400 232
484401 484600 214
484601 484800 320
484801 485000 320
485001 485200 289
485201 485400 320
485401 485600 289
485601 485800 289
485801 486000 338
486001 486200 276
486201 486400 289
486401 486600 320
486601 486800 214
486801 487000 382
487001 487200 415
487201 487400 227
487401 487600 227
487601 487800 338
487801 488000 338
488001 488200 382
488201 488400 258
488401 488600 258
488601 488800 320
488801 489000 320
489001 489200 307
489201 489400 351
489401 489600 245
489601 489800 227
489801 490000 276
490001 490200 245
490201 490400 307
490401 490600 320
490601 490800 320
490801 491000 320
491001 491200 320
491201 491400 320
491401 491600 289
491601 491800 320
491801 492000 320
492001 492200 258
492201 492400 258
492401 492600 426
492601 492800 258
492801 493000 245
493001 493200 320
493201 493400 289
493401 493600 395
493601 493800 351
493801 494000 289
494001 494200 289
494201 494400 289
494401 494600 307
494601 494800 351
494801 495000 214
495001 495200 320
495201 495400 320
495401 495600 289
495601 495800 320
495801 496000 320
496001 496200 320
496201 496400 289
496401 496600 214
496601 496800 258
496801 497000 245
497001 497200 245
497201 497400 289
497401 497600 258
497601 497800 289
497801 498000 289
498001 498200 351
498201 498400 320
498401 498600 258
498601 498800 289
498801 499000 245
499001 499200 245
499201 499400 276
499401 499600 333
499601 499800 395
499801 500000 289
500001 500200 320
500201 500400 364
500401 500600 302
500601 500800 333
500801 501000 289
501001 501200 320
501201 501400 289
501401 501600 320
501601 501800 289
501801 502000 289
502001 502200 426
502201 502400 258
502401 502600 320
502601 502800 289
502801 503000 289
503001 503200 258
503201 503400 271
503401 503600 227
503601 503800 320
503801 504000 271
504001 504200 333
504201 504400 364
504401 504600 258
504601 504800 258
504801 505000 320
505001 505200 289
505201 505400 289
505401 505600 289
505601 505800 364
505801 506000 245
506001 506200 245
506201 506400 364
506401 506600 307
506601 506800 258
506801 507000 382
507001 507200 333
507201 507400 289
507401 507600 302
507601 507800 302
507801 508000 364
508001 508200 258
508201 508400 333
508401 508600 289
508601 508800 258
508801 509000 377
509001 509200 258
509201 509400 302
509401 509600 240
509601 509800 258
509801 510000 364
510001 510200 289
510201 510400 245
510401 510600 289
510601 510800 289
510801 511000 333
511001 511200 302
511201 511400 227
511401 511600 320
511601 511800 302
511801 512000 470
512001 512200 289
512201 512400 258
512401 512600 333
512601 512800 333
512801 513000 214
513001 513200 333
513201 513400 276
513401 513600 258
513601 513800 240
513801 514000 351
514001 514200 346
514201 514400 258
514401 514600 271
514601 514800 364
514801 515000 333
515001 515200 258
515201 515400 395
515401 515600 302
515601 515800 258
515801 516000 227
516001 516200 227
516201 516400 258
516401 516600 271
516601 516800 289
516801 517000 302
517001 517200 302
517201 517400 258
517401 517600 333
517601 517800 271
517801 518000 302
518001 518200 302
518201 518400 271
518401 518600 271
518601 518800 271
518801 519000 439
519001 519200 258
519201 519400 258
519401 519600 302
519601 519800 302
519801 520000 364
520001 520200 302
520201 520400 302
520401 520600 302
520601 520800 333
520801 521000 320
521001 521200 302
521201 521400 364
521401 521600 240
521601 521800 333
521801 522000 302
522001 522200 302
522201 522400 227
522401 522600 333
522601 522800 271
522801 523000 302
523001 523200 258
523201 523400 271
523401 523600 258
523601 523800 289
523801 524000 302
524001 524200 271
524201 524400 271
524401 524600 302
524601 524800 364
524801 525000 302
525001 525200 271
525201 525400 364
525401 525600 408
525601 525800 240
525801 526000 258
526001 526200 302
526201 526400 408
526401 526600 302
526601 526800 271
526801 527000 333
527001 527200 377
527201 527400 302
527401 527600 346
527601 527800 302
527801 528000 302
528001 528200 302
528201 528400 333
528401 528600 271
528601 528800 302
528801 529000 377
529001 529200 271
529201 529400 333
529401 529600 302
529601 529800 302
529801 530000 271
530001 530200 271
530201 530400 227
530401 530600 240
530601 530800 333
530801 531000 346
531001 531200 271
531201 531400 258
531401 531600 346
531601 531800 271
531801 532000 333
532001 532200 302
532201 532400 302
532401 532600 302
532601 532800 377
532801 533000 240
533001 533200 258
533201 533400 377
533401 533600 320
533601 533800 258
533801 534000 240
534001 534200 302
534201 534400 346
534401 534600 302
534601 534800 315
534801 535000 302
535001 535200 271
535201 535400 284
535401 535600 302
535601 535800 271
535801 536000 271
536001 536200 271
536201 536400 333
536401 536600 302
536601 536800 240
536801 537000 271
537001 537200 377
537201 537400 302
537401 537600 258
537601 537800 209
537801 538000 346
538001 538200 346
538201 538400 240
538401 538600 240
538601 538800 240
538801 539000 333
539001 539200 315
539201 539400 271
539401 539600 271
539601 539800 302
539801 540000 346
540001 540200 227
540201 540400 227
540401 540600 441
540601 540800 284
540801 541000 289
541001 541200 240
541201 541400 364
541401 541600 315
541601 541800 346
541801 542000 271
542001 542200 284
542201 542400 271
542401 542600 346
542601 542800 271
542801 543000 271
543001 543200 315
543201 543400 240
543401 543600 359
543601 543800 240
543801 544000 271
544001 544200 284
544201 544400 302
544401 544600 307
544601 544800 315
544801 545000 240
545001 545200 315
545201 545400 271
545401 545600 315
545601 545800 346
545801 546000 209
546001 546200 284
546201 546400 284
546401 546600 284
546601 546800 452
546801 547000 271
547001 547200 240
547201 547400 315
547401 547600 315
547601 547800 377
547801 548000 315
548001 548200 315
548201 548400 315
548401 548600 222
548601 548800 333
548801 549000 328
549001 549200 240
549201 549400 240
549401 549600 253
549601 549800 284
549801 550000 315
550001 550200 302
550201 550400 315
550401 550600 346
550601 550800 240
550801 551000 271
551001 551200 284
551201 551400 240
551401 551600 377
551601 551800 302
551801 552000 315
552001 552200 284
552201 552400 271
552401 552600 315
552601 552800 315
552801 553000 284
553001 553200 315
553201 553400 284
553401 553600 315
553601 553800 346
553801 554000 253
554001 554200 421
554201 554400 359
554401 554600 284
554601 554800 284
554801 555000 284
555001 555200 346
555201 555400 390
555401 555600 284
555601 555800 359
555801 556000 191
556001 556200 315
556201 556400 315
556401 556600 302
556601 556800 346
556801 557000 271
557001 557200 315
557201 557400 284
557401 557600 284
557601 557800 284
557801 558000 315
558001 558200 315
558201 558400 284
558401 558600 284
558601 558800 240
558801 559000 253
559001 559200 240
559201 559400 284
559401 559600 284
559601 559800 253
559801 560000 284
560001 560200 284
560201 560400 359
560401 560600 346
560601 560800 315
560801 561000 284
561001 561200 315
561201 561400 222
561401 561600 271
561601 561800 271
561801 562000 328
562001 562200 253
562201 562400 284
562401 562600 253
562601 562800 315
562801 563000 359
563001 563200 315
563201 563400 328
563401 563600 253
563601 563800 284
563801 564000 284
564001 564200 253
564201 564400 315
564401 564600 253
564601 564800 284
564801 565000 421
565001 565200 328
565201 565400 315
565401 565600 284
565601 565800 284
565801 566000 284
566001 566200 266
566201 566400 253
566401 566600 222
566601 566800 359
566801 567000 359
567001 567200 328
567201 567400 359
567401 567600 253
567601 567800 346
567801 568000 315
568001 568200 284
568201 568400 315
568401 568600 284
568601 568800 284
568801 569000 359
569001 569200 271
569201 569400 240
569401 569600 359
569601 569800 302
569801 570000 266
570001 570200 253
570201 570400 377
570401 570600 328
570601 570800 284
570801 571000 284
571001 571200 297
571201 571400 284
571401 571600 359
571601 571800 253
571801 572000 284
572001 572200 284
572201 572400 266
572401 572600 372
572601 572800 253
572801 573000 297
573001 573200 284
573201 573400 253
573401 573600 359
573601 573800 253
573801 574000 328
574001 574200 315
574201 574400 284
574401 574600 253
574601 574800 328
574801 575000 297
575001 575200 328
575201 575400 222
575401 575600 315
575601 575800 297
575801 576000 346
576001 576200 284
576201 576400 253
576401 576600 328
576601 576800 328
576801 577000 390
577001 577200 372
577201 577400 423
577401 577600 271
577601 577800 253
577801 578000 235
578001 578200 346
578201 578400 341
578401 578600 253
578601 578800 315
578801 579000 266
579001 579200 359
579201 579400 328
579401 579600 253
579601 579800 328
579801 580000 253
580001 580200 222
580201 580400 253
580401 580600 253
580601 580800 253
580801 581000 266
581001 581200 266
581201 581400 284
581401 581600 328
581601 581800 297
581801 582000 297
582001 582200 328
582201 582400 328
582401 582600 297
582601 582800 328
582801 583000 297
583001 583200 328
583201 583400 266
583401 583600 266
583601 583800 434
583801 584000 266
584001 584200 372
584201 584400 266
584401 584600 297
584601 584800 297
584801 585000 359
585001 585200 297
585201 585400 359
585401 585600 297
585601 585800 328
585801 586000 315
586001 586200 315
586201 586400 359
586401 586600 222
586601 586800 235
586801 587000 328
587001 587200 297
587201 587400 297
587401 587600 284
587601 587800 266
587801 588000 328
588001 588200 266
588201 588400 297
588401 588600 315
588601 588800 266
588801 589000 253
589001 589200 297
589201 589400 235
589401 589600 297
589601 589800 297
589801 590000 297
590001 590200 297
590201 590400 359
590401 590600 297
590601 590800 328
590801 591000 359
591001 591200 235
591201 591400 328
591401 591600 235
591601 591800 284
591801 592000 403
592001 592200 284
592201 592400 297
592401 592600 266
592601 592800 328
592801 593000 310
593001 593200 328
593201 593400 328
593401 593600 266
593601 593800 297
593801 594000 297
594001 594200 297
594201 594400 279
594401 594600 328
594601 594800 297
594801 595000 297
595001 595200 266
595201 595400 266
595401 595600 328
595601 595800 297
595801 596000 297
596001 596200 279
596201 596400 266
596401 596600 372
596601 596800 222
596801 597000 266
597001 597200 266
597201 597400 341
597401 597600 266
597601 597800 372
597801 598000 266
598001 598200 266
598201 598400 341
598401 598600 297
598601 598800 297
598801 599000 297
599001 599200 297
599201 599400 372
599401 599600 253
599601 599800 253
599801 600000 235
600001 600200 372
600201 600400 315
600401 600600 235
600601 600800 279
600801 601000 297
601001 601200 341
601201 601400 403
601401 601600 310
601601 601800 385
601801 602000 372
602001 602200 279
602201 602400 266
602401 602600 297
602601 602800 297
602801 603000 266
603001 603200 266
603201 603400 279
603401 603600 235
603601 603800 297
603801 604000 266
604001 604200 266
604201 604400 372
604401 604600 297
604601 604800 253
604801 605000 235
605001 605200 248
605201 605400 297
605401 605600 341
605601 605800 310
605801 606000 235
606001 606200 328
606201 606400 328
606401 606600 310
606601 606800 279
606801 607000 297
607001 607200 266
607201 607400 266
607401 607600 341
607601 607800 222
607801 608000 222
608001 608200 436
608201 608400 341
608401 608600 341
608601 608800 266
608801 609000 248
609001 609200 359
609201 609400 310
609401 609600 341
609601 609800 279
609801 610000 279
610001 610200 266
610201 610400 341
610401 610600 266
610601 610800 266
610801 611000 341
611001 611200 310
611201 611400 266
611401 611600 354
611601 611800 235
611801 612000 266
612001 612200 279
612201 612400 235
612401 612600 297
612601 612800 310
612801 613000 310
613001 613200 266
613201 613400 310
613401 613600 235
613601 613800 310
613801 614000 279
614001 614200 310
614201 614400 279
614401 614600 279
614601 614800 279
614801 615000 279
615001 615200 447
615201 615400 266
615401 615600 266
615601 615800 310
615801 616000 310
616001 616200 372
616201 616400 354
616401 616600 310
616601 616800 248
616801 617000 310
617001 617200 217
617201 617400 328
617401 617600 323
617601 617800 372
617801 618000 235
618001 618200 248
618201 618400 248
618401 618600 310
618601 618800 310
618801 619000 279
619001 619200 310
619201 619400 341
619401 619600 235
619601 619800 204
619801 620000 266
620001 620200 248
620201 620400 235
620401 620600 372
620601 620800 297
620801 621000 310
621001 621200 279
621201 621400 279
621401 621600 310
621601 621800 310
621801 622000 372
622001 622200 310
622201 622400 271
622401 622600 310
622601 622800 310
622801 623000 266
623001 623200 248
623201 623400 310
623401 623600 271
623601 623800 354
623801 624000 279
624001 624200 279
624201 624400 279
624401 624600 341
624601 624800 385
624801 625000 279
625001 625200 341
625201 625400 354
625401 625600 310
625601 625800 279
625801 626000 310
626001 626200 341
626201 626400 509
626401 626600 310
626601 626800 310
626801 627000 279
627001 627200 279
627201 627400 310
627401 627600 279
627601 627800 341
627801 628000 310
628001 628200 279
628201 628400 248
628401 628600 235
628601 628800 235
628801 629000 235
629001 629200 235
629201 629400 279
629401 629600 279
629601 629800 279
629801 630000 279
630001 630200 279
630201 630400 341
630401 630600 292
630601 630800 310
630801 631000 310
631001 631200 310
631201 631400 310
631401 631600 217
631601 631800 266
631801 632000 279
632001 632200 385
632201 632400 328
632401 632600 279
632601 632800 279
632801 633000 279
633001 633200 354
633201 633400 248
633401 633600 310
633601 633800 323
633801 634000 279
634001 634200 310
634201 634400 292
634401 634600 279
634601 634800 310
634801 635000 279
635001 635200 279
635201 635400 279
635401 635600 416
635601 635800 248
635801 636000 310
636001 636200 248
636201 636400 279
636401 636600 279
636601 636800 279
636801 637000 310
637001 637200 310
637201 637400 217
637401 637600 354
637601 637800 310
637801 638000 354
638001 638200 248
638201 638400 354
638401 638600 248
638601 638800 341
638801 639000 323
639001 639200 279
639201 639400 279
639401 639600 279
639601 639800 279
639801 640000 354
640001 640200 354
640201 640400 266
640401 640600 354
640601 640800 449
640801 641000 297
641001 641200 261
641201 641400 248
641401 641600 235
641601 641800 372
641801 642000 323
642001 642200 416
642201 642400 292
642401 642600 292
642601 642800 279
642801 643000 354
643001 643200 248
643201 643400 235
643401 643600 279
643601 643800 261
643801 644000 248
644001 644200 248
644201 644400 261
644401 644600 248
644601 644800 279
644801 645000 230
645001 645200 310
645201 645400 230
645401 645600 279
645601 645800 310
645801 646000 279
646001 646200 323
646201 646400 323
646401 646600 323
646601 646800 292
646801 647000 292
647001 647200 217
647201 647400 310
647401 647600 292
647601 647800 292
647801 648000 341
648001 648200 279
648201 648400 248
648401 648600 248
648601 648800 323
648801 649000 217
649001 649200 385
649201 649400 418
649401 649600 323
649601 649800 266
649801 650000 323
650001 650200 230
650201 650400 292
650401 650600 341
650601 650800 292
650801 651000 292
651001 651200 261
651201 651400 336
651401 651600 248
651601 651800 323
651801 652000 248
652001 652200 310
652201 652400 354
652401 652600 354
652601 652800 248
652801 653000 279
653001 653200 336
653201 653400 248
653401 653600 261
653601 653800 385
653801 654000 310
654001 654200 323
654201 654400 292
654401 654600 248
654601 654800 323
654801 655000 323
655001 655200 323
655201 655400 292
655401 655600 323
655601 655800 292
655801 656000 385
656001 656200 354
656201 656400 261
656401 656600 261
656601 656800 429
656801 657000 261
657001 657200 230
657201 657400 323
657401 657600 292
657601 657800 292
657801 658000 354
658001 658200 398
658201 658400 354
658401 658600 292
658601 658800 292
658801 659000 323
659001 659200 305
659201 659400 310
659401 659600 217
659601 659800 354
659801 660000 217
660001 660200 292
660201 660400 323
660401 660600 292
660601 660800 292
660801 661000 279
661001 661200 292
661201 661400 323
661401 661600 261
661601 661800 292
661801 662000 292
662001 662200 230
662201 662400 261
662401 662600 248
662601 662800 248
662801 663000 292
663001 663200 292
663201 663400 261
663401 663600 261
663601 663800 292
663801 664000 292
664001 664200 367
664201 664400 292
664401 664600 323
664601 664800 323
664801 665000 292
665001 665200 292
665201 665400 345
665401 665600 279
665601 665800 248
665801 666000 398
666001 666200 323
666201 666400 292
666401 666600 261
666601 666800 261
666801 667000 323
667001 667200 305
667201 667400 367
667401 667600 323
667601 667800 336
667801 668000 292
668001 668200 292
668201 668400 292
668401 668600 274
668601 668800 323
668801 669000 292
669001 669200 292
669201 669400 292
669401 669600 261
669601 669800 261
669801 670000 261
670001 670200 323
670201 670400 292
670401 670600 292
670601 670800 261
670801 671000 323
671001 671200 323
671201 671400 217
671401 671600 261
671601 671800 323
671801 672000 323
672001 672200 336
672201 672400 367
672401 672600 261
672601 672800 261
672801 673000 261
673001 673200 336
673201 673400 323
673401 673600 292
673601 673800 292
673801 674000 292
674001 674200 367
674201 674400 367
674401 674600 248
674601 674800 248
674801 675000 230
675001 675200 367
675201 675400 310
675401 675600 261
675601 675800 274
675801 676000 385
676001 676200 336
676201 676400 292
676401 676600 292
676601 676800 305
676801 677000 305
677001 677200 292
677201 677400 292
677401 677600 261
677601 677800 248
677801 678000 336
678001 678200 261
678201 678400 261
678401 678600 336
678601 678800 380
678801 679000 230
679001 679200 292
679201 679400 243
679401 679600 261
679601 679800 367
679801 680000 230
680001 680200 336
680201 680400 323
680401 680600 292
680601 680800 336
680801 681000 336
681001 681200 336
681201 681400 292
681401 681600 336
681601 681800 230
681801 682000 323
682001 682200 305
682201 682400 305
682401 682600 305
682601 682800 305
682801 683000 261
683001 683200 261
683201 683400 336
683401 683600 336
683601 683800 230
683801 684000 380
684001 684200 336
684201 684400 336
684401 684600 279
684601 684800 261
684801 685000 243
685001 685200 354
685201 685400 349
685401 685600 261
685601 685800 261
685801 686000 261
686001 686200 274
686201 686400 261
686401 686600 336
686601 686800 336
686801 687000 398
687001 687200 261
687201 687400 367
687401 687600 305
687601 687800 261
687801 688000 307
688001 688200 261
688201 688400 199
688401 688600 274
688601 688800 274
688801 689000 292
689001 689200 336
689201 689400 305
689401 689600 305
689601 689800 261
689801 690000 336
690001 690200 336
690201 690400 305
690401 690600 336
690601 690800 274
690801 691000 336
691001 691200 199
691201 691400 274
691401 691600 274
691601 691800 274
691801 692000 442
692001 692200 261
692201 692400 230
692401 692600 305
692601 692800 305
692801 693000 323
693001 693200 367
693201 693400 349
693401 693600 305
693601 693800 305
693801 694000 305
694001 694200 212
694201 694400 212
694401 694600 323
694601 694800 274
694801 695000 367
695001 695200 274
695201 695400 243
695401 695600 336
695601 695800 274
695801 696000 305
696001 696200 305
696201 696400 292
696401 696600 305
696601 696800 336
696801 697000 336
697001 697200 305
697201 697400 318
697401 697600 261
697601 697800 243
697801 698000 261
698001 698200 367
698201 698400 199
698401 698600 305
698601 698800 274
698801 699000 274
699001 699200 274
699201 699400 305
699401 699600 367
699601 699800 274
699801 700000 305
700001 700200 336
700201 700400 367
700401 700600 305
700601 700800 305
700801 701000 243
701001 701200 305
701201 701400 243
701401 701600 349
701601 701800 411
701801 702000 274
702001 702200 274
702201 702400 274
702401 702600 336
702601 702800 380
702801 703000 336
703001 703200 274
703201 703400 349
703401 703600 305
703601 703800 305
703801 704000 274
704001 704200 305
704201 704400 287
704401 704600 336
704601 704800 504
704801 705000 305
705001 705200 380
705201 705400 274
705401 705600 274
705601 705800 305
705801 706000 336
706001 706200 305
706201 706400 305
706401 706600 243
706601 706800 274
706801 707000 230
707001 707200 230
707201 707400 243
707401 707600 274
707601 707800 274
707801 708000 349
708001 708200 274
708201 708400 261
708401 708600 274
708601 708800 349
708801 709000 274
709001 709200 336
709201 709400 287
709401 709600 305
709601 709800 305
709801 710000 305
710001 710200 305
710201 710400 380
710401 710600 292
710601 710800 261
710801 711000 274
711001 711200 380
711201 711400 323
711401 711600 261
711601 711800 274
711801 712000 243
712001 712200 305
712201 712400 349
712401 712600 287
712601 712800 411
712801 713000 318
713001 713200 274
713201 713400 305
713401 713600 380
713601 713800 287
713801 714000 243
714001 714200 305
714201 714400 274
714401 714600 274
714601 714800 274
714801 715000 243
715001 715200 274
715201 715400 243
715401 715600 305
715601 715800 256
715801 716000 274
716001 716200 380
716201 716400 243
716401 716600 305
716601 716800 336
716801 717000 305
717001 717200 349
717201 717400 305
717401 717600 349
717601 717800 318
717801 718000 318
718001 718200 243
718201 718400 243
718401 718600 336
718601 718800 318
718801 719000 318
719001 719200 274
719201 719400 305
719401 719600 274
719601 719800 274
719801 720000 349
720001 720200 230
720201 720400 261
720401 720600 349
720601 720800 444
720801 721000 349
721001 721200 292
721201 721400 274
721401 721600 243
721601 721800 318
721801 722000 367
722001 722200 318
722201 722400 411
722401 722600 274
722601 722800 367
722801 723000 380
723001 723200 274
723201 723400 349
723401 723600 256
723601 723800 243
723801 724000 274
724001 724200 243
724201 724400 256
724401 724600 274
724601 724800 362
724801 725000 243
725001 725200 212
725201 725400 287
725401 725600 287
725601 725800 243
725801 726000 305
726001 726200 310
726201 726400 318
726401 726600 274
726601 726800 274
726801 727000 349
727001 727200 318
727201 727400 318
727401 727600 287
727601 727800 287
727801 728000 318
728001 728200 212
728201 728400 287
728401 728600 287
728601 728800 287
728801 729000 362
729001 729200 287
729201 729400 243
729401 729600 287
729601 729800 318
729801 730000 318
730001 730200 380
730201 730400 380
730401 730600 413
730601 730800 318
730801 731000 243
731001 731200 318
731201 731400 243
731401 731600 225
731601 731800 336
731801 732000 331
732001 732200 380
732201 732400 349
732401 732600 256
732601 732800 256
732801 733000 287
733001 733200 318
733201 733400 318
733401 733600 305
733601 733800 243
733801 734000 349
734001 734200 349
734201 734400 287
734401 734600 212
734601 734800 287
734801 735000 243
735001 735200 243
735201 735400 256
735401 735600 380
735601 735800 424
735801 736000 318
736001 736200 287
736201 736400 318
736401 736600 287
736601 736800 318
736801 737000 318
737001 737200 287
737201 737400 380
737401 737600 318
737601 737800 287
737801 738000 318
738001 738200 349
738201 738400 256
738401 738600 256
738601 738800 274
738801 739000 424
739001 739200 424
739201 739400 243
739401 739600 318
739601 739800 287
739801 740000 287
740001 740200 349
740201 740400 393
740401 740600 349
740601 740800 287
740801 741000 362
741001 741200 287
741201 741400 318
741401 741600 318
741601 741800 318
741801 742000 212
742001 742200 349
742201 742400 212
742401 742600 287
742601 742800 318
742801 743000 318
743001 743200 287
743201 743400 287
743401 743600 318
743601 743800 287
743801 744000 318
744001 744200 318
744201 744400 256
744401 744600 287
744601 744800 300
744801 745000 243
745001 745200 256
745201 745400 243
745401 745600 243
745601 745800 349
745801 746000 287
746001 746200 256
746201 746400 256
746401 746600 287
746601 746800 287
746801 747000 287
747001 747200 349
747201 747400 300
747401 747600 362
747601 747800 318
747801 748000 287
748001 748200 318
748201 748400 287
748401 748600 225
748601 748800 274
748801 749000 274
749001 749200 256
749201 749400 393
749401 749600 393
749601 749800 287
749801 750000 256
750001 750200 256
750201 750400 318
750401 750600 362
750601 750800 300
750801 751000 318
751001 751200 331
751201 751400 256
751401 751600 318
751601 751800 269
751801 752000 287
752001 752200 225
752201 752400 318
752401 752600 287
752601 752800 305
752801 753000 287
753001 753200 287
753201 753400 424
753401 753600 331
753601 753800 318
753801 754000 256
754001 754200 287
754201 754400 287
754401 754600 256
754601 754800 269
754801 755000 318
755001 755200 318
755201 755400 256
755401 755600 362
755601 755800 318
755801 756000 362
756001 756200 331
756201 756400 256
756401 756600 362
756601 756800 256
756801 757000 349
757001 757200 331
757201 757400 331
757401 757600 287
757601 757800 318
757801 758000 287
758001 758200 287
758201 758400 287
758401 758600 362
758601 758800 243
758801 759000 243
759001 759200 243
759201 759400 256
759401 759600 362
759601 759800 305
759801 760000 287
760001 760200 256
760201 760400 243
760401 760600 380
760601 760800 331
760801 761000 269
761001 761200 287
761201 761400 300
761401 761600 300
761601 761800 287
761801 762000 362
762001 762200 256
762201 762400 238
762401 762600 331
762601 762800 287
762801 763000 256
763001 763200 269
763201 763400 256
763401 763600 375
763601 763800 300
763801 764000 300
764001 764200 287
764201 764400 238
764401 764600 256
764601 764800 362
764801 765000 300
765001 765200 287
765201 765400 318
765401 765600 331
765601 765800 287
765801 766000 287
766001 766200 331
766201 766400 331
766401 766600 300
766601 766800 300
766801 767000 225
767001 767200 225
767201 767400 318
767401 767600 300
767601 767800 287
767801 768000 468
768001 768200 300
768201 768400 256
768401 768600 256
768601 768800 331
768801 769000 331
769001 769200 287
769201 769400 393
769401 769600 375
769601 769800 426
769801 770000 269
770001 770200 331
770201 770400 256
770401 770600 238
770601 770800 238
770801 771000 349
771001 771200 344
771201 771400 256
771401 771600 256
771601 771800 269
771801 772000 269
772001 772200 362
772201 772400 256
772401 772600 331
772601 772800 256
772801 773000 393
773001 773200 256
773201 773400 362
773401 773600 238
773601 773800 256
773801 774000 331
774001 774200 225
774201 774400 256
774401 774600 331
774601 774800 269
774801 775000 207
775001 775200 437
775201 775400 331
775401 775600 300
775601 775800 300
775801 776000 256
776001 776200 331
776201 776400 331
776401 776600 300
776601 776800 300
776801 777000 300
777001 777200 300
777201 777400 393
777401 777600 269
777601 777800 269
777801 778000 269
778001 778200 269
778201 778400 437
778401 778600 256
778601 778800 256
778801 779000 300
779001 779200 331
779201 779400 300
779401 779600 300
779601 779800 362
779801 780000 362
780001 780200 344
780201 780400 507
780401 780600 300
780601 780800 300
780801 781000 194
781001 781200 331
781201 781400 318
781401 781600 269
781601 781800 300
781801 782000 362
782001 782200 225
782201 782400 287
782401 782600 331
782601 782800 269
782801 783000 300
783001 783200 300
783201 783400 287
783401 783600 300
783601 783800 331
783801 784000 331
784001 784200 269
784201 784400 300
784401 784600 313
784601 784800 256
784801 785000 238
785001 785200 300
785201 785400 256
785401 785600 300
785601 785800 375
785801 786000 300
786001 786200 269
786201 786400 300
786401 786600 269
786601 786800 300
786801 787000 300
787001 787200 362
787201 787400 269
787401 787600 331
787601 787800 331
787801 788000 362
788001 788200 269
788201 788400 406
788401 788600 300
788601 788800 238
788801 789000 256
789001 789200 300
789201 789400 406
789401 789600 225
789601 789800 300
789801 790000 269
790001 790200 287
790201 790400 331
790401 790600 375
790601 790800 331
790801 791000 300
791001 791200 269
791201 791400 344
791401 791600 269
791601 791800 300
791801 792000 331
792001 792200 300
792201 792400 282
792401 792600 331
792601 792800 437
792801 793000 300
793001 793200 300
793201 793400 375
793401 793600 269
793601 793800 269
793801 794000 269
794001 794200 331
794201 794400 300
794401 794600 300
794601 794800 300
794801 795000 269
795001 795200 282
795201 795400 331
795401 795600 225
795601 795800 238
795801 796000 269
796001 796200 468
796201 796400 344
796401 796600 344
796601 796800 331
796801 797000 375
797001 797200 344
797201 797400 269
797401 797600 269
797601 797800 344
797801 798000 331
798001 798200 300
798201 798400 300
798401 798600 300
798601 798800 300
798801 799000 300
799001 799200 375
799201 799400 238
799401 799600 256
799601 799800 230
799801 800000 375
800001 800200 375
800201 800400 318
800401 800600 282
800601 800800 269
800801 801000 282
801001 801200 393
801201 801400 344
801401 801600 300
801601 801800 406
801801 802000 300
802001 802200 313
802201 802400 388
802401 802600 300
802601 802800 251
802801 803000 282
803001 803200 251
803201 803400 300
803401 803600 269
803601 803800 269
803801 804000 251
804001 804200 269
804201 804400 238
804401 804600 331
804601 804800 313
804801 805000 300
805001 805200 238
805201 805400 331
805401 805600 269
805601 805800 375
805801 806000 251
806001 806200 300
806201 806400 256
806401 806600 300
806601 806800 344
806801 807000 300
807001 807200 300
807201 807400 406
807401 807600 300
807601 807800 238
807801 808000 238
808001 808200 238
808201 808400 331
808401 808600 313
808601 808800 313
808801 809000 313
809001 809200 300
809201 809400 300
809401 809600 269
809601 809800 300
809801 810000 344
810001 810200 238
810201 810400 406
810401 810600 225
810601 810800 388
810801 811000 439
811001 811200 282
811201 811400 287
811401 811600 251
811601 811800 238
811801 812000 251
812001 812200 362
812201 812400 357
812401 812600 344
812601 812800 269
812801 813000 269
813001 813200 362
813201 813400 375
813401 813600 269
813601 813800 344
813801 814000 269
814001 814200 220
814201 814400 269
814401 814600 269
814601 814800 313
814801 815000 238
815001 815200 238
815201 815400 357
815401 815600 269
815601 815800 238
815801 816000 344
816001 816200 282
816201 816400 220
816401 816600 300
816601 816800 344
816801 817000 313
817001 817200 313
817201 817400 313
817401 817600 269
817601 817800 344
817801 818000 269
818001 818200 282
818201 818400 313
818401 818600 344
818601 818800 313
818801 819000 450
819001 819200 300
819201 819400 282
819401 819600 282
819601 819800 282
819801 820000 357
820001 820200 450
820201 820400 269
820401 820600 238
820601 820800 313
820801 821000 313
821001 821200 313
821201 821400 313
821401 821600 375
821601 821800 357
821801 822000 313
822001 822200 520
822201 822400 313
822401 822600 313
822601 822800 238
822801 823000 331
823001 823200 331
823201 823400 326
823401 823600 282
823601 823800 375
823801 824000 238
824001 824200 251
824201 824400 326
824401 824600 282
824601 824800 313
824801 825000 313
825001 825200 313
825201 825400 313
825401 825600 313
825601 825800 344
825801 826000 344
826001 826200 282
826201 826400 313
826401 826600 282
826601 826800 251
826801 827000 238
827001 827200 282
827201 827400 375
827401 827600 419
827601 827800 207
827801 828000 313
828001 828200 282
828201 828400 282
828401 828600 274
828601 828800 313
828801 829000 313
829001 829200 375
829201 829400 282
829401 829600 375
829601 829800 274
829801 830000 344
830001 830200 313
830201 830400 282
830401 830600 344
830601 830800 251
830801 831000 251
831001 831200 251
831201 831400 419
831401 831600 357
831601 831800 238
831801 832000 282
832001 832200 282
832201 832400 282
832401 832600 282
832601 832800 344
832801 833000 388
833001 833200 313
833201 833400 282
833401 833600 344
833601 833800 357
833801 834000 238
834001 834200 313
834201 834400 282
834401 834600 313
834601 834800 295
834801 835000 344
835001 835200 207
835201 835400 295
835401 835600 220
835601 835800 313
835801 836000 282
836001 836200 282
836201 836400 282
836401 836600 313
836601 836800 282
836801 837000 344
837001 837200 313
837201 837400 251
837401 837600 282
837601 837800 525
837801 838000 282
838001 838200 238
838201 838400 251
838401 838600 313
838601 838800 344
838801 839000 220
839001 839200 282
839201 839400 282
839401 839600 388
839601 839800 251
839801 840000 282
840001 840200 282
840201 840400 282
840401 840600 357
840601 840800 282
840801 841000 344
841001 841200 313
841201 841400 251
841401 841600 313
841601 841800 313
841801 842000 238
842001 842200 251
842201 842400 269
842401 842600 269
842601 842800 282
842801 843000 388
843001 843200 331
843201 843400 282
843401 843600 282
843601 843800 282
843801 844000 251
844001 844200 313
844201 844400 357
844401 844600 313
844601 844800 357
844801 845000 326
845001 845200 326
845201 845400 401
845401 845600 313
845601 845800 251
845801 846000 282
846001 846200 220
846201 846400 313
846401 846600 313
846601 846800 282
846801 847000 264
847001 847200 282
847201 847400 419
847401 847600 282
847601 847800 326
847801 848000 313
848001 848200 251
848201 848400 282
848401 848600 282
848601 848800 264
848801 849000 313
849001 849200 313
849201 849400 313
849401 849600 269
849601 849800 251
849801 850000 357
850001 850200 313
850201 850400 313
850401 850600 357
850601 850800 251
850801 851000 357
851001 851200 357
851201 851400 251
851401 851600 344
851601 851800 264
851801 852000 326
852001 852200 326
852201 852400 282
852401 852600 313
852601 852800 282
852801 853000 313
853001 853200 282
853201 853400 357
853401 853600 269
853601 853800 269
853801 854000 238
854001 854200 452
854201 854400 357
854401 854600 251
854601 854800 300
854801 855000 251
855001 855200 251
855201 855400 264
855401 855600 388
855601 855800 326
855801 856000 264
856001 856200 357
856201 856400 282
856401 856600 375
856601 856800 295
856801 857000 282
857001 857200 282
857201 857400 357
857401 857600 282
857601 857800 233
857801 858000 282
858001 858200 282
858201 858400 264
858401 858600 251
858601 858800 251
858801 859000 370
859001 859200 295
859201 859400 295
859401 859600 282
859601 859800 295
859801 860000 233
860001 860200 251
860201 860400 357
860401 860600 251
860601 860800 326
860801 861000 282
861001 861200 313
861201 861400 220
861401 861600 326
861601 861800 251
861801 862000 326
862001 862200 326
862201 862400 295
862401 862600 295
862601 862800 326
862801 863000 220
863001 863200 313
863201 863400 295
863401 863600 295
863601 863800 344
863801 864000 295
864001 864200 295
864201 864400 251
864401 864600 326
864601 864800 251
864801 865000 326
865001 865200 326
865201 865400 282
865401 865600 388
865601 865800 370
865801 866000 421
866001 866200 326
866201 866400 269
866401 866600 326
866601 866800 251
866801 867000 233
867001 867200 295
867201 867400 344
867401 867600 295
867601 867800 326
867801 868000 251
868001 868200 313
868201 868400 264
868401 868600 357
868601 868800 295
868801 869000 326
869001 869200 326
869201 869400 313
869401 869600 388
869601 869800 251
869801 870000 357
870001 870200 295
870201 870400 251
870401 870600 326
870601 870800 295
870801 871000 251
871001 871200 264
871201 871400 264
871401 871600 282
871601 871800 202
871801 872000 432
872001 872200 326
872201 872400 295
872401 872600 295
872601 872800 326
872801 873000 295
873001 873200 326
873201 873400 326
873401 873600 326
873601 873800 295
873801 874000 326
874001 874200 326
874201 874400 295
874401 874600 388
874601 874800 264
874801 875000 357
875001 875200 251
875201 875400 264
875401 875600 264
875601 875800 432
875801 876000 264
876001 876200 370
876201 876400 295
876401 876600 326
876601 876800 295
876801 877000 295
877001 877200 295
877201 877400 401
877401 877600 339
877601 877800 357
877801 878000 357
878001 878200 295
878201 878400 295
878401 878600 295
878601 878800 326
878801 879000 295
879001 879200 326
879201 879400 264
879401 879600 357
879601 879800 220
879801 880000 344
880001 880200 295
880201 880400 326
880401 880600 326
880601 880800 295
880801 881000 295
881001 881200 282
881201 881400 295
881401 881600 295
881601 881800 326
881801 882000 326
882001 882200 264
882201 882400 295
882401 882600 295
882601 882800 251
882801 883000 313
883001 883200 264
883201 883400 251
883401 883600 251
883601 883800 295
883801 884000 370
884001 884200 295
884201 884400 282
884401 884600 282
884601 884800 295
884801 885000 295
885001 885200 295
885201 885400 357
885401 885600 370
885601 885800 326
885801 886000 326
886001 886200 326
886201 886400 264
886401 886600 357
886601 886800 264
886801 887000 401
887001 887200 233
887201 887400 282
887401 887600 282
887601 887800 256
887801 888000 401
888001 888200 282
888201 888400 264
888401 888600 295
888601 888800 264
888801 889000 264
889001 889200 326
889201 889400 370
889401 889600 326
889601 889800 308
889801 890000 370
890001 890200 339
890201 890400 264
890401 890600 277
890601 890800 326
890801 891000 264
891001 891200 295
891201 891400 277
891401 891600 264
891601 891800 326
891801 892000 295
892001 892200 295
892201 892400 295
892401 892600 295
892601 892800 264
892801 893000 264
893001 893200 264
893201 893400 326
893401 893600 264
893601 893800 295
893801 894000 295
894001 894200 277
894201 894400 264
894401 894600 295
894601 894800 370
894801 895000 264
895001 895200 220
895201 895400 264
895401 895600 220
895601 895800 326
895801 896000 326
896001 896200 339
896201 896400 251
896401 896600 370
896601 896800 282
896801 897000 251
897001 897200 264
897201 897400 339
897401 897600 339
897601 897800 277
897801 898000 295
898001 898200 339
898201 898400 295
898401 898600 295
898601 898800 295
898801 899000 370
899001 899200 295
899201 899400 251
899401 899600 251
899601 899800 225
899801 900000 233
900001 900200 370
900201 900400 313
900401 900600 383
900601 900800 401
900801 901000 233
901001 901200 277
901201 901400 388
901401 901600 339
901601 901800 295
901801 902000 401
902001 902200 295
902201 902400 308
902401 902600 383
902601 902800 295
902801 903000 370
903001 903200 277
903201 903400 264
903401 903600 246
903601 903800 295
903801 904000 295
904001 904200 264
904201 904400 264
904401 904600 264
904601 904800 339
904801 905000 383
905001 905200 264
905201 905400 233
905401 905600 295
905601 905800 233
905801 906000 264
906001 906200 445
906201 906400 370
906401 906600 308
906601 906800 339
906801 907000 295
907001 907200 326
907201 907400 326
907401 907600 295
907601 907800 295
907801 908000 233
908001 908200 339
908201 908400 370
908401 908600 308
908601 908800 339
908801 909000 233
909001 909200 308
909201 909400 326
909401 909600 233
909601 909800 308
909801 910000 295
910001 910200 476
910201 910400 308
910401 910600 264
910601 910800 295
910801 911000 295
911001 911200 339
911201 911400 339
911401 911600 233
911601 911800 220
911801 912000 383
912001 912200 434
912201 912400 339
912401 912600 401
912601 912800 339
912801 913000 246
913001 913200 264
913201 913400 246
913401 913600 357
913601 913800 352
913801 914000 308
914001 914200 339
914201 914400 264
914401 914600 264
914601 914800 277
914801 915000 370
915001 915200 277
915201 915400 339
915401 915600 339
915601 915800 264
915801 916000 233
916001 916200 264
916201 916400 339
916401 916600 308
916601 916800 251
916801 917000 264
917001 917200 352
917201 917400 264
917401 917600 233
917601 917800 264
917801 918000 339
918001 918200 277
918201 918400 277
918401 918600 233
918601 918800 295
918801 919000 339
919001 919200 308
919201 919400 308
919401 919600 339
919601 919800 432
919801 920000 339
920001 920200 339
920201 920400 308
920401 920600 308
920601 920800 339
920801 921000 308
921001 921200 308
921201 921400 277
921401 921600 339
921601 921800 277
921801 922000 277
922001 922200 277
922201 922400 277
922401 922600 445
922601 922800 308
922801 923000 383
923001 923200 233
923201 923400 308
923401 923600 308
923601 923800 308
923801 924000 308
924001 924200 370
924201 924400 370
924401 924600 308
924601 924800 308
924801 925000 515
925001 925200 308
925201 925400 308
925401 925600 202
925601 925800 339
925801 926000 277
926001 926200 326
926201 926400 321
926401 926600 233
926601 926800 370
926801 927000 233
927001 927200 476
927201 927400 321
927401 927600 339
927601 927800 308
927801 928000 308
928001 928200 383
928201 928400 233
928401 928600 308
928601 928800 308
928801 929000 339
929001 929200 339
929201 929400 202
929401 929600 308
929601 929800 308
929801 930000 339
930001 930200 326
930201 930400 264
930401 930600 264
930601 930800 264
930801 931000 370
931001 931200 246
931201 931400 308
931401 931600 277
931601 931800 277
931801 932000 233
932001 932200 277
932201 932400 308
932401 932600 308
932601 932800 370
932801 933000 308
933001 933200 277
933201 933400 308
933401 933600 339
933601 933800 277
933801 934000 370
934001 934200 308
934201 934400 414
934401 934600 295
934601 934800 295
934801 935000 308
935001 935200 269
935201 935400 269
935401 935600 414
935601 935800 246
935801 936000 277
936001 936200 321
936201 936400 277
936401 936600 277
936601 936800 339
936801 937000 383
937001 937200 339
937201 937400 277
937401 937600 339
937601 937800 339
937801 938000 352
938001 938200 445
938201 938400 308
938401 938600 277
938601 938800 295
938801 939000 308
939001 939200 290
939201 939400 339
939401 939600 507
939601 939800 308
939801 940000 308
940001 940200 308
940201 940400 383
940401 940600 277
940601 940800 277
940801 941000 277
941001 941200 339
941201 941400 277
941401 941600 339
941601 941800 308
941801 942000 246
942001 942200 277
942201 942400 277
942401 942600 339
942601 942800 264
942801 943000 233
943001 943200 277
943201 943400 233
943401 943600 339
943601 943800 339
943801 944000 352
944001 944200 277
944201 944400 277
944401 944600 383
944601 944800 277
944801 945000 352
945001 945200 277
945201 945400 277
945401 945600 352
945601 945800 277
945801 946000 308
946001 946200 352
946201 946400 308
946401 946600 339
946601 946800 383
946801 947000 308
947001 947200 383
947201 947400 264
947401 947600 295
947601 947800 264
947801 948000 277
948001 948200 246
948201 948400 383
948401 948600 326
948601 948800 277
948801 949000 277
949001 949200 246
949201 949400 277
949401 949600 308
949601 949800 352
949801 950000 246
950001 950200 308
950201 950400 308
950401 950600 321
950601 950800 321
950801 951000 414
951001 951200 308
951201 951400 308
951401 951600 383
951601 951800 277
951801 952000 246
952001 952200 308
952201 952400 277
952401 952600 414
952601 952800 277
952801 953000 277
953001 953200 277
953201 953400 414
953401 953600 277
953601 953800 246
953801 954000 308
954001 954200 246
954201 954400 277
954401 954600 277
954601 954800 277
954801 955000 383
955001 955200 308
955201 955400 308
955401 955600 308
955601 955800 339
955801 956000 308
956001 956200 352
956201 956400 308
956401 956600 246
956601 956800 352
956801 957000 321
957001 957200 321
957201 957400 352
957401 957600 246
957601 957800 264
957801 958000 339
958001 958200 246
958201 958400 321
958401 958600 321
958601 958800 277
958801 959000 308
959001 959200 277
959201 959400 277
959401 959600 308
959601 959800 277
959801 960000 352
960001 960200 352
960201 960400 264
960401 960600 233
960601 960800 352
960801 961000 447
961001 961200 352
961201 961400 246
961401 961600 295
961601 961800 259
961801 962000 246
962001 962200 259
962201 962400 233
962401 962600 370
962601 962800 383
962801 963000 259
963001 963200 414
963201 963400 277
963401 963600 290
963601 963800 290
963801 964000 383
964001 964200 277
964201 964400 352
964401 964600 352
964601 964800 259
964801 965000 228
965001 965200 277
965201 965400 277
965401 965600 321
965601 965800 259
965801 966000 246
966001 966200 308
966201 966400 365
966401 966600 277
966601 966800 308
966801 967000 277
967001 967200 290
967201 967400 308
967401 967600 228
967601 967800 308
967801 968000 228
968001 968200 321
968201 968400 321
968401 968600 277
968601 968800 308
968801 969000 277
969001 969200 352
969201 969400 321
969401 969600 321
969601 969800 321
969801 970000 321
970001 970200 290
970201 970400 290
970401 970600 458
970601 970800 215
970801 971000 308
971001 971200 290
971201 971400 352
971401 971600 290
971601 971800 339
971801 972000 290
972001 972200 277
972201 972400 246
972401 972600 246
972601 972800 290
972801 973000 321
973001 973200 321
973201 973400 321
973401 973600 383
973601 973800 383
973801 974000 365
974001 974200 416
974201 974400 321
974401 974600 321
974601 974800 334
974801 975000 246
975001 975200 321
975201 975400 228
975401 975600 339
975601 975800 339
975801 976000 334
976001 976200 246
976201 976400 383
976401 976600 246
976601 976800 259
976801 977000 259
977001 977200 334
977201 977400 259
977401 977600 321
977601 977800 321
977801 978000 246
978001 978200 383
978201 978400 321
978401 978600 352
978601 978800 352
978801 979000 290
979001 979200 290
979201 979400 321
979401 979600 334
979601 979800 290
979801 980000 246
980001 980200 246
980201 980400 259
980401 980600 259
980601 980800 383
980801 981000 427
981001 981200 259
981201 981400 321
981401 981600 290
981601 981800 259
981801 982000 321
982001 982200 321
982201 982400 321
982401 982600 321
982601 982800 383
982801 983000 321
983001 983200 383
983201 983400 321
983401 983600 308
983601 983800 290
983801 984000 383
984001 984200 277
984201 984400 352
984401 984600 259
984601 984800 259
984801 985000 321
985001 985200 427
985201 985400 290
985401 985600 365
985601 985800 246
985801 986000 290
986001 986200 321
986201 986400 290
986401 986600 290
986601 986800 290
986801 987000 352
987001 987200 396
987201 987400 290
987401 987600 352
987601 987800 352
987801 988000 290
988001 988200 290
988201 988400 290
988401 988600 321
988601 988800 303
988801 989000 308
989001 989200 321
989201 989400 215
989401 989600 352
989601 989800 215
989801 990000 215
990001 990200 290
990201 990400 321
990401 990600 321
990601 990800 290
990801 991000 290
991001 991200 290
991201 991400 321
991401 991600 290
991601 991800 290
991801 992000 321
992001 992200 321
992201 992400 259
992401 992600 290
992601 992800 290
992801 993000 352
993001 993200 290
993201 993400 228
993401 993600 259
993601 993800 246
993801 994000 246
994001 994200 184
994201 994400 365
994401 994600 365
994601 994800 290
994801 995000 277
995001 995200 277
995201 995400 290
995401 995600 290
995601 995800 290
995801 996000 365
996001 996200 365
996201 996400 290
996401 996600 352
996601 996800 321
996801 997000 321
997001 997200 290
997201 997400 352
997401 997600 321
997601 997800 321
997801 998000 343
998001 998200 259
998201 998400 277
998401 998600 277
998601 998800 246
998801 999000 396
999001 999200 321
999201 999400 396
999401 999600 290
999601 999800 290
999801 1000000 259
